1526443098210	geckodriver	INFO	geckodriver 0.20.1
1526443098223	geckodriver	INFO	Listening on 127.0.0.1:53058
1526443101193	mozrunner::runner	INFO	Running command: "C:\\Program Files\\Mozilla Firefox\\firefox.exe" "-marionette" "-profile" "C:\\Users\\jerem\\AppData\\Local\\Temp\\rust_mozprofile.LBCl2RBrxuvB"
Unable to read VR Path Registry from C:\Users\jerem\AppData\Local\openvr\openvrpaths.vrpath
1526443102094	Marionette	INFO	Enabled via --marionette
Unable to read VR Path Registry from C:\Users\jerem\AppData\Local\openvr\openvrpaths.vrpath
Unable to read VR Path Registry from C:\Users\jerem\AppData\Local\openvr\openvrpaths.vrpath
Unable to read VR Path Registry from C:\Users\jerem\AppData\Local\openvr\openvrpaths.vrpath
Unable to read VR Path Registry from C:\Users\jerem\AppData\Local\openvr\openvrpaths.vrpath
1526443104538	Marionette	INFO	Listening on port 53070
1526443104872	Marionette	WARN	TLS certificate errors will be ignored for this session
[Child 32592, Chrome_ChildThread] WARNING: pipe error: 109: file z:/build/build/src/ipc/chromium/src/chrome/common/ipc_channel_win.cc, line 346
[Child 32592, Chrome_ChildThread] WARNING: pipe error: 109: file z:/build/build/src/ipc/chromium/src/chrome/common/ipc_channel_win.cc,[Child 31616, Chrome_ChildThread] WARNING: pipe error: 109: file z:/build/build/src/ipc/chromium/src/chrome/common/ipc_channel_win.cc, line 346
[Child 31424, Chrome_ChildThread] WARNING: pipe error: 109: file z:/build/build/src/ipc/chromium/src/chrome/common/ipc_channel_win.cc, line 346
[Child 31424, Chrome_ChildThread] WARNING: pipe error: 109: file z:/build/build/src/ipc/chromium/src/chrome/common/ipc_channel_win.cc, line 346
*** UTM:SVC TimerManager:registerTimer called after profile-before-change notification. Ignoring timer registration for id: telemetry_modules_ping

###!!! [Child][MessageChannel::SendAndWait] Error: Channel error: cannot send/recv

1526443191227	geckodriver	INFO	geckodriver 0.20.1
1526443191236	geckodriver	INFO	Listening on 127.0.0.1:53193
1526443194212	mozrunner::runner	INFO	Running command: "C:\\Program Files\\Mozilla Firefox\\firefox.exe" "-marionette" "-profile" "C:\\Users\\jerem\\AppData\\Local\\Temp\\rust_mozprofile.7CZE1qXYz2dV"
Unable to read VR Path Registry from C:\Users\jerem\AppData\Local\openvr\openvrpaths.vrpath
1526443195100	Marionette	INFO	Enabled via --marionette
Unable to read VR Path Registry from C:\Users\jerem\AppData\Local\openvr\openvrpaths.vrpath
Unable to read VR Path Registry from C:\Users\jerem\AppData\Local\openvr\openvrpaths.vrpath
Unable to read VR Path Registry from C:\Users\jerem\AppData\Local\openvr\openvrpaths.vrpath
Unable to read VR Path Registry from C:\Users\jerem\AppData\Local\openvr\openvrpaths.vrpath
1526443197428	Marionette	INFO	Listening on port 53204
1526443197826	Marionette	WARN	TLS certificate errors will be ignored for this session
1526443198572	addons.xpi	WARN	Exception running bootstrap method shutdown on activity-stream@mozilla.org: [Exception... "Component returned failure code: 0x80004005 (NS_ERROR_FAILURE) [nsIObserverService.removeObserver]"  nsresult: "0x80004005 (NS_ERROR_FAILURE)"  location: "JS frame :: resource://activity-stream/lib/SnippetsFeed.jsm :: uninit :: line 125"  data: no] Stack trace: uninit()@resource://activity-stream/lib/SnippetsFeed.jsm:125 < onAction()@resource://activity-stream/lib/SnippetsFeed.jsm:141 < _middleware/</<()@resource://activity-stream/lib/Store.jsm:51 < Store/this[method]()@resource://activity-stream/lib/Store.jsm:30 < uninit()@resource://activity-stream/lib/Store.jsm:153 < uninit()@resource://activity-stream/lib/ActivityStream.jsm:274 < uninit()@resource://gre/modules/addons/XPIProvider.jsm -> jar:file:///C:/Program%20Files/Mozilla%20Firefox/browser/features/activity-stream@mozilla.org.xpi!/bootstrap.js:80 < shutdown()@resource://gre/modules/addons/XPIProvider.jsm -> jar:file:///C:/Program%20Files/Mozilla%20Firefox/browser/features/activity-stream@mozilla.org.xpi!/bootstrap.js:196 < callBootstrapMethod()@resource://gre/modules/addons/XPIProvider.jsm:4419 < observe()@resource://gre/modules/addons/XPIProvider.jsm:2279 < GeckoDriver.prototype.quit()@driver.js:3270 < despatch()@server.js:557 < execute()@server.js:531 < onPacket/<()@server.js:506 < onPacket()@server.js:505 < _onJSONObjectReady/<()@transport.js:500
[Child 25488, Chrome_ChildThread] WARNING: pipe error: 109: file z:/build/build/src/ipc/chromium/src/chrome/common/ipc_channel_win.cc, line 346
[Child 25488, Chrome_ChildThread] WAR[Parent 29600, Gecko_IOThread] WARNING: pipe error: 109: file z:/build/build/src/ipc/chromium/src/chrome/common/ipc_channel_win.cc, line 346
[Child 30616, Chrome_ChildThread] WARNING: pipe error: 109: file z:/build/build/src/ipc/chromium/src/chrome/common/ipc_channel_win.cc, line 346
[Child 30616, Chrome_ChildThread] WARNING: pipe error: 109: file z:/build/b[Child 22500, Chrome_ChildThread] WARNING: pipe error: 109: file z:/build/build/src/ipc/chromium/src/chrome/common/ipc_channel_win.cc, line 346
[Child 22500, Chrome_ChildThread] WARNING: pipe error: 109: file z:/build/build/*** UTM:SVC TimerManager:registerTimer called after profile-before-change notification. Ignoring timer registration for id: telemetry_modules_ping

###!!! [Child][MessageChannel::SendAndWait] Error: Channel error: cannot send/recv

